Program called with the following parameters:
 * downscale = 2
 * exportIntermediateResults = 0
 * imagesFolder = "C:/UNI/N3CAT/Pyhton/MeshroomCache/PrepareDenseScene/1d3a8fb03483538abc03bb1049f07b1a37f3443f"
 * input = "C:/UNI/N3CAT/Pyhton/MeshroomCache/StructureFromMotion/4fc649fec4efa7342fb57ae5c638030b64d0e0d5/sfm.abc"
 * maxViewAngle = 70
 * minViewAngle = 2
 * nbGPUs = 0
 * output = "C:/UNI/N3CAT/Pyhton/MeshroomCache/DepthMap/668705f3d4eae4c1b89709dd2cc901b0ae0bb2ff"
 * rangeSize = 3
 * rangeStart = 0
 * refineGammaC = 15.5
 * refineGammaP = 8
 * refineMaxTCams = 6
 * refineNDepthsToRefine = 31
 * refineNSamplesHalf = 150
 * refineNiters = 100
 * refineSigma = 15
 * refineUseTcOrRcPixSize = 0
 * refineWSH = 3
 * sgmGammaC = 5.5
 * sgmGammaP = 8
 * sgmMaxTCams = 10
 * sgmWSH = 4
 * verboseLevel = "info"

[23:33:19.813429][info] CUDA-Enabled GPU.
Device information:
	- id:                      0
	- name:                    NVIDIA GeForce MX330
	- compute capability:      6.1
	- total device memory:     2047 MB 
	- device memory available: 1652 MB 
	- per-block shared memory: 49152
	- warp size:               32
	- max threads per block:   1024
	- max threads per SM(X):   2048
	- max block sizes:         {1024,1024,64}
	- max grid sizes:          {2147483647,65535,65535}
	- max 2D array texture:    {131072,65536}
	- max 3D array texture:    {16384,16384,16384}
	- max 2D linear texture:   {131072,65000,2097120}
	- max 2D layered texture:  {32768,32768,2048}
	- number of SM(x)s:        3
	- registers per SM(x):     65536
	- registers per block:     65536
	- concurrent kernels:      yes
	- mapping host memory:     yes
	- unified addressing:      yes
	- texture alignment:       512 byte
	- pitch alignment:         32 byte
[23:33:19.933512][info] Supported CUDA-Enabled GPU detected.
[23:33:20.001174][info] Found 2 image dimension(s): 
[23:33:20.001174][info] 	- [1512x2016]
[23:33:20.001174][info] 	- [2016x1512]
[23:33:20.039912][info] Overall maximum dimension: [2016x2016]
[23:33:20.039912][info] Create depth maps.
[23:33:20.039912][info] # GPU devices: 1, # CPU threads: 8
[23:33:20.039912][info] Plane sweeping parameters:
	- scale: 2
	- step: 2
[23:33:20.039912][info] PlaneSweepingCuda:
	- _nImgsInGPUAtTime: 5
	- scales: 2
	- subPixel: Yes
	- varianceWSH: 4
[23:33:20.039912][info] Found only 8/10 nearest cameras for view id: 27999187
[23:33:23.153949][info] Estimate depth map, view id: 27999187
[23:33:26.989551][info] Refine depth map, view id: 27999187
[23:33:36.065983][info] Estimate depth map, view id: 32937562
number of CUDA devices:	1
   0: NVIDIA GeForce MX330
CUDA device no 0 for 0
Device 0 memory - used: 395.694153, free: 1652.180908, total: 2047.875000
Device 0 memory - used: 495.694153, free: 1552.180908, total: 2047.875000
Device 0 memory - used: 519.694153, free: 1528.180908, total: 2047.875000
total size of volume map in GPU memory: 22.056152
nDepths 239, nDepthsToSearch 239 
ps_computeSimilarityVolume elapsed time: 4.000000 ms 
Device 0 memory - used: 509.694153, free: 1538.180908, total: 2047.875000
total size of volume map in GPU memory: 13.196777
nDepths 143, nDepthsToSearch 143 
ps_computeSimilarityVolume elapsed time: 4.000000 ms 
Device 0 memory - used: 519.694153, free: 1528.180908, total: 2047.875000
total size of volume map in GPU memory: 22.056152
nDepths 239, nDepthsToSearch 239 
ps_computeSimilarityVolume elapsed time: 6.000000 ms 
Device 0 memory - used: 519.694153, free: 1528.180908, total: 2047.875000
total size of volume map in GPU memory: 22.056152
nDepths 239, nDepthsToSearch 239 
ps_computeSimilarityVolume elapsed time: 4.000000 ms 
Device 0 memory - used: 511.694153, free: 1536.180908, total: 2047.875000
total size of volume map in GPU memory: 15.319336
nDepths 166, nDepthsToSearch 166 
ps_computeSimilarityVolume elapsed time: 5.000000 ms 
Device 0 memory - used: 511.694153, free: 1536.180908, total: 2047.875000
total size of volume map in GPU memory: 15.319336
nDepths 166, nDepthsToSearch 166 
ps_computeSimilarityVolume elapsed time: 4.000000 ms 
Device 0 memory - used: 511.694153, free: 1536.180908, total: 2047.875000
total size of volume map in GPU memory: 15.319336
nDepths 166, nDepthsToSearch 166 
ps_computeSimilarityVolume elapsed time: 3.000000 ms 
Device 0 memory - used: 511.694153, free: 1536.180908, total: 2047.875000
total size of volume map in GPU memory: 15.319336
nDepths 166, nDepthsToSearch 166 
ps_computeSimilarityVolume elapsed time: 4.000000 ms 
ps_SGMoptimizeSimVolume
ps_updateAggrVolume
ps_aggregatePathVolume
ps_aggregatePathVolume done
ps_updateAggrVolume done
ps_updateAggrVolume
ps_aggregatePathVolume
ps_aggregatePathVolume done
ps_updateAggrVolume done
ps_updateAggrVolume
ps_aggregatePathVolume
ps_aggregatePathVolume done
ps_updateAggrVolume done
ps_updateAggrVolume
ps_aggregatePathVolume
ps_aggregatePathVolume done
ps_updateAggrVolume done
SGM volume gpu elapsed time: 215.000000 ms 
ps_SGMoptimizeSimVolume done
gpu elapsed time: 272.000000 ms 
gpu elapsed time: 243.000000 ms 
gpu elapsed time: 236.000000 ms 
gpu elapsed time: 231.000000 ms 
gpu elapsed time: 273.000000 ms 
gpu elapsed time: 259.000000 ms 
gpu elapsed time: 253.000000 ms 
gpu elapsed time: 249.000000 ms 
gpu elapsed time: 223.000000 ms 
gpu elapsed time: 219.000000 ms 
gpu elapsed time: 213.000000 ms 
gpu elapsed time: 118.000000 ms 
gpu elapsed time: 265.000000 ms 
gpu elapsed time: 260.000000 ms 
gpu elapsed time: 256.000000 ms 
gpu elapsed time: 229.000000 ms 
gpu elapsed time: 364.000000 ms 
gpu elapsed time: 253.000000 ms 
gpu elapsed time: 253.000000 ms 
gpu elapsed time: 251.000000 ms 
gpu elapsed time: 277.000000 ms 
gpu elapsed time: 265.000000 ms 
gpu elapsed time: 252.000000 ms 
gpu elapsed time: 253.000000 ms 
gpu elapsed time: 206.000000 ms 
gpu elapsed time: 206.000000 ms 
gpu elapsed time: 207.000000 ms 
gpu elapsed time: 207.000000 ms 
rc: 0, gpu elapsed time: 78.000000 ms 
rc: 0, gpu elapsed time: 77.000000 ms 
rc: 0, gpu elapsed time: 79.000000 ms 
rc: 0, gpu elapsed time: 77.000000 ms 
Device 0 memory - used: 509.694153, free: 1538.180908, total: 2047.875000
total size of volume map in GPU memory: 12.181641
nDepths 132, nDepthsToSearch 132 
ps_computeSimilarityVolume elapsed time: 9.000000 ms 
Device 0 memory - used: 515.694153, free: 1532.180908, total: 2047.875000
total size of volume map in GPU memory: 19.195312
nDepths 208, nDepthsToSearch 208 
ps_computeSimilarityVolume elapsed time: 4.000000 ms 
Device 0 memory - used: 515.694153, free: 1532.180908, total: 2047.875000
total size of volume map in GPU memory: 19.195312
nDepths 208, nDepthsToSearch 208 
ps_computeSimilarityVolume elapse[23:33:39.874616][info] Refine depth map, view id: 32937562
[23:33:47.514406][info] Found only 8/10 nearest cameras for view id: 53668543
[23:33:50.604095][info] Estimate depth map, view id: 53668543
d time: 4.000000 ms 
Device 0 memory - used: 515.694153, free: 1532.180908, total: 2047.875000
total size of volume map in GPU memory: 19.195312
nDepths 208, nDepthsToSearch 208 
ps_computeSimilarityVolume elapsed time: 4.000000 ms 
Device 0 memory - used: 509.694153, free: 1538.180908, total: 2047.875000
total size of volume map in GPU memory: 13.196777
nDepths 143, nDepthsToSearch 143 
ps_computeSimilarityVolume elapsed time: 3.000000 ms 
Device 0 memory - used: 509.694153, free: 1538.180908, total: 2047.875000
total size of volume map in GPU memory: 13.196777
nDepths 143, nDepthsToSearch 143 
ps_computeSimilarityVolume elapsed time: 4.000000 ms 
Device 0 memory - used: 509.694153, free: 1538.180908, total: 2047.875000
total size of volume map in GPU memory: 13.196777
nDepths 143, nDepthsToSearch 143 
ps_computeSimilarityVolume elapsed time: 5.000000 ms 
Device 0 memory - used: 509.694153, free: 1538.180908, total: 2047.875000
total size of volume map in GPU memory: 13.196777
nDepths 143, nDepthsToSearch 143 
ps_computeSimilarityVolume elapsed time: 3.000000 ms 
Device 0 memory - used: 509.694153, free: 1538.180908, total: 2047.875000
total size of volume map in GPU memory: 13.196777
nDepths 143, nDepthsToSearch 143 
ps_computeSimilarityVolume elapsed time: 3.000000 ms 
Device 0 memory - used: 509.694153, free: 1538.180908, total: 2047.875000
total size of volume map in GPU memory: 13.196777
nDepths 143, nDepthsToSearch 143 
ps_computeSimilarityVolume elapsed time: 3.000000 ms 
ps_SGMoptimizeSimVolume
ps_updateAggrVolume
ps_aggregatePathVolume
ps_aggregatePathVolume done
ps_updateAggrVolume done
ps_updateAggrVolume
ps_aggregatePathVolume
ps_aggregatePathVolume done
ps_updateAggrVolume done
ps_updateAggrVolume
ps_aggregatePathVolume
ps_aggregatePathVolume done
ps_updateAggrVolume done
ps_updateAggrVolume
ps_aggregatePathVolume
ps_aggregatePathVolume done
ps_updateAggrVolume done
SGM volume gpu elapsed time: 330.000000 ms 
ps_SGMoptimizeSimVolume done
gpu elapsed time: 277.000000 ms 
gpu elapsed time: 237.000000 ms 
gpu elapsed time: 251.000000 ms 
gpu elapsed time: 255.000000 ms 
gpu elapsed time: 158.000000 ms 
gpu elapsed time: 223.000000 ms 
gpu elapsed time: 222.000000 ms 
gpu elapsed time: 214.000000 ms 
gpu elapsed time: 106.000000 ms 
gpu elapsed time: 240.000000 ms 
gpu elapsed time: 235.000000 ms 
gpu elapsed time: 231.000000 ms 
gpu elapsed time: 167.000000 ms 
gpu elapsed time: 219.000000 ms 
gpu elapsed time: 249.000000 ms 
gpu elapsed time: 239.000000 ms 
gpu elapsed time: 264.000000 ms 
gpu elapsed time: 256.000000 ms 
gpu elapsed time: 254.000000 ms 
gpu elapsed time: 255.000000 ms 
gpu elapsed time: 268.000000 ms 
gpu elapsed time: 258.000000 ms 
gpu elapsed time: 256.000000 ms 
gpu elapsed time: 256.000000 ms 
gpu elapsed time: 207.000000 ms 
gpu elapsed time: 208.000000 ms 
gpu elapsed time: 206.000000 ms 
gpu elapsed time: 207.000000 ms 
rc: 1, gpu elapsed time: 79.000000 ms 
rc: 1, gpu elapsed time: 78.000000 ms 
rc: 1, gpu elapsed time: 78.000000 ms 
rc: 1, gpu elapsed time: 77.000000 ms 
Device 0 memory - used: 525.694153, free: 1522.180908, total: 2047.875000
total size of volume map in GPU memory: 28.516113
nDepths 309, nDepthsToSearch 309 
ps_computeSimilarityVolume elapsed time: 5.000000 ms 
Device 0 memory - used: 525.694153, free: 1522.180908, total: 2047.875000
total size of volume map in GPU memory: 28.516113
nDepths 309, nDepthsToSearch 309 
ps_computeSimilarityVolume elapsed time: 6.000000 ms 
Device 0 memory - used: 529.694153, free: 1518.180908, total: 2047.875000
total size of volume map in GPU memory: 33.868652
nDepths 367, nDepthsToSearch 367 
ps_computeSimilarityVolume elapsed time: 6.000000 ms 
Device 0 memory - used: 529.694153, free: 1518.180908, total: 2047.875000
total size of volume map in GPU memory: 33.868652
nDepths 367, nDepthsToSearch 367 
ps_computeSimilarityVolume elapsed time: 6.000000 ms 
Device 0 memory - used: 527.694153, free: 1520.180908, total: 2047.875000
total size of volume map in GPU memory: 30.454102
nDepths 330, nDepthsToSearch 330 
ps_computeSimilarityVolu[23:33:55.936909][info] Refine depth map, view id: 53668543
[23:34:02.870272][info] Task done in (s): 43.049000
me elapsed time: 6.000000 ms 
Device 0 memory - used: 525.694153, free: 1522.180908, total: 2047.875000
total size of volume map in GPU memory: 28.516113
nDepths 309, nDepthsToSearch 309 
ps_computeSimilarityVolume elapsed time: 4.000000 ms 
Device 0 memory - used: 523.694153, free: 1524.180908, total: 2047.875000
total size of volume map in GPU memory: 26.301270
nDepths 285, nDepthsToSearch 285 
ps_computeSimilarityVolume elapsed time: 5.000000 ms 
Device 0 memory - used: 525.694153, free: 1522.180908, total: 2047.875000
total size of volume map in GPU memory: 28.885254
nDepths 313, nDepthsToSearch 313 
ps_computeSimilarityVolume elapsed time: 5.000000 ms 
ps_SGMoptimizeSimVolume
ps_updateAggrVolume
ps_aggregatePathVolume
ps_aggregatePathVolume done
ps_updateAggrVolume done
ps_updateAggrVolume
ps_aggregatePathVolume
ps_aggregatePathVolume done
ps_updateAggrVolume done
ps_updateAggrVolume
ps_aggregatePathVolume
ps_aggregatePathVolume done
ps_updateAggrVolume done
ps_updateAggrVolume
ps_aggregatePathVolume
ps_aggregatePathVolume done
ps_updateAggrVolume done
SGM volume gpu elapsed time: 428.000000 ms 
ps_SGMoptimizeSimVolume done
gpu elapsed time: 335.000000 ms 
gpu elapsed time: 252.000000 ms 
gpu elapsed time: 256.000000 ms 
gpu elapsed time: 252.000000 ms 
gpu elapsed time: 40.000000 ms 
gpu elapsed time: 211.000000 ms 
gpu elapsed time: 214.000000 ms 
gpu elapsed time: 218.000000 ms 
gpu elapsed time: 238.000000 ms 
gpu elapsed time: 228.000000 ms 
gpu elapsed time: 243.000000 ms 
gpu elapsed time: 252.000000 ms 
gpu elapsed time: 275.000000 ms 
gpu elapsed time: 233.000000 ms 
gpu elapsed time: 216.000000 ms 
gpu elapsed time: 52.000000 ms 
gpu elapsed time: 199.000000 ms 
gpu elapsed time: 230.000000 ms 
gpu elapsed time: 223.000000 ms 
gpu elapsed time: 55.000000 ms 
gpu elapsed time: 60.000000 ms 
gpu elapsed time: 199.000000 ms 
gpu elapsed time: 222.000000 ms 
gpu elapsed time: 165.000000 ms 
gpu elapsed time: 207.000000 ms 
gpu elapsed time: 208.000000 ms 
gpu elapsed time: 209.000000 ms 
gpu elapsed time: 208.000000 ms 
rc: 2, gpu elapsed time: 80.000000 ms 
rc: 2, gpu elapsed time: 77.000000 ms 
rc: 2, gpu elapsed time: 79.000000 ms 
rc: 2, gpu elapsed time: 76.000000 ms 
