Program called with the following parameters:
 * downscale = 2
 * exportIntermediateResults = 0
 * imagesFolder = "C:/UNI/N3CAT/Pyhton/MeshroomCache/PrepareDenseScene/1d3a8fb03483538abc03bb1049f07b1a37f3443f"
 * input = "C:/UNI/N3CAT/Pyhton/MeshroomCache/StructureFromMotion/4fc649fec4efa7342fb57ae5c638030b64d0e0d5/sfm.abc"
 * maxViewAngle = 70
 * minViewAngle = 2
 * nbGPUs = 0
 * output = "C:/UNI/N3CAT/Pyhton/MeshroomCache/DepthMap/668705f3d4eae4c1b89709dd2cc901b0ae0bb2ff"
 * rangeSize = 3
 * rangeStart = 12
 * refineGammaC = 15.5
 * refineGammaP = 8
 * refineMaxTCams = 6
 * refineNDepthsToRefine = 31
 * refineNSamplesHalf = 150
 * refineNiters = 100
 * refineSigma = 15
 * refineUseTcOrRcPixSize = 0
 * refineWSH = 3
 * sgmGammaC = 5.5
 * sgmGammaP = 8
 * sgmMaxTCams = 10
 * sgmWSH = 4
 * verboseLevel = "info"

[23:36:09.932867][info] CUDA-Enabled GPU.
Device information:
	- id:                      0
	- name:                    NVIDIA GeForce MX330
	- compute capability:      6.1
	- total device memory:     2047 MB 
	- device memory available: 1652 MB 
	- per-block shared memory: 49152
	- warp size:               32
	- max threads per block:   1024
	- max threads per SM(X):   2048
	- max block sizes:         {1024,1024,64}
	- max grid sizes:          {2147483647,65535,65535}
	- max 2D array texture:    {131072,65536}
	- max 3D array texture:    {16384,16384,16384}
	- max 2D linear texture:   {131072,65000,2097120}
	- max 2D layered texture:  {32768,32768,2048}
	- number of SM(x)s:        3
	- registers per SM(x):     65536
	- registers per block:     65536
	- concurrent kernels:      yes
	- mapping host memory:     yes
	- unified addressing:      yes
	- texture alignment:       512 byte
	- pitch alignment:         32 byte
[23:36:10.048923][info] Supported CUDA-Enabled GPU detected.
[23:36:10.115466][info] Found 2 image dimension(s): 
[23:36:10.115466][info] 	- [1512x2016]
[23:36:10.115466][info] 	- [2016x1512]
[23:36:10.142123][info] Overall maximum dimension: [2016x2016]
[23:36:10.142123][info] Create depth maps.
[23:36:10.142123][info] # GPU devices: 1, # CPU threads: 8
[23:36:10.142123][info] Plane sweeping parameters:
	- scale: 2
	- step: 2
[23:36:10.142123][info] PlaneSweepingCuda:
	- _nImgsInGPUAtTime: 5
	- scales: 2
	- subPixel: Yes
	- varianceWSH: 4
[23:36:14.332621][info] Estimate depth map, view id: 875104850
[23:36:21.951082][info] Refine depth map, view id: 875104850
[23:36:29.149911][info] Found only 8/10 nearest cameras for view id: 886681181
[23:36:32.399264][info] Estimate depth map, view id: 886681181
number of CUDA devices:	1
   0: NVIDIA GeForce MX330
CUDA device no 0 for 0
Device 0 memory - used: 395.694153, free: 1652.180908, total: 2047.875000
Device 0 memory - used: 495.694153, free: 1552.180908, total: 2047.875000
Device 0 memory - used: 535.694153, free: 1512.180908, total: 2047.875000
total size of volume map in GPU memory: 38.852051
nDepths 421, nDepthsToSearch 421 
ps_computeSimilarityVolume elapsed time: 5.000000 ms 
Device 0 memory - used: 525.694153, free: 1522.180908, total: 2047.875000
total size of volume map in GPU memory: 29.531250
nDepths 320, nDepthsToSearch 320 
ps_computeSimilarityVolume elapsed time: 6.000000 ms 
Device 0 memory - used: 535.694153, free: 1512.180908, total: 2047.875000
total size of volume map in GPU memory: 38.852051
nDepths 421, nDepthsToSearch 421 
ps_computeSimilarityVolume elapsed time: 7.000000 ms 
Device 0 memory - used: 535.694153, free: 1512.180908, total: 2047.875000
total size of volume map in GPU memory: 38.852051
nDepths 421, nDepthsToSearch 421 
ps_computeSimilarityVolume elapsed time: 7.000000 ms 
Device 0 memory - used: 541.694153, free: 1506.180908, total: 2047.875000
total size of volume map in GPU memory: 44.112305
nDepths 478, nDepthsToSearch 478 
ps_computeSimilarityVolume elapsed time: 8.000000 ms 
Device 0 memory - used: 535.694153, free: 1512.180908, total: 2047.875000
total size of volume map in GPU memory: 38.852051
nDepths 421, nDepthsToSearch 421 
ps_computeSimilarityVolume elapsed time: 6.000000 ms 
Device 0 memory - used: 533.694153, free: 1514.180908, total: 2047.875000
total size of volume map in GPU memory: 37.283203
nDepths 404, nDepthsToSearch 404 
ps_computeSimilarityVolume elapsed time: 7.000000 ms 
Device 0 memory - used: 535.694153, free: 1512.180908, total: 2047.875000
total size of volume map in GPU memory: 38.852051
nDepths 421, nDepthsToSearch 421 
ps_computeSimilarityVolume elapsed time: 6.000000 ms 
Device 0 memory - used: 519.694153, free: 1528.180908, total: 2047.875000
total size of volume map in GPU memory: 23.625000
nDepths 256, nDepthsToSearch 256 
ps_computeSimilarityVolume elapsed time: 5.000000 ms 
Device 0 memory - used: 529.694153, free: 1518.180908, total: 2047.875000
total size of volume map in GPU memory: 32.299805
nDepths 350, nDepthsToSearch 350 
ps_computeSimilarityVolume elapsed time: 6.000000 ms 
ps_SGMoptimizeSimVolume
ps_updateAggrVolume
ps_aggregatePathVolume
ps_aggregatePathVolume done
ps_updateAggrVolume done
ps_updateAggrVolume
ps_aggregatePathVolume
ps_aggregatePathVolume done
ps_updateAggrVolume done
ps_updateAggrVolume
ps_aggregatePathVolume
ps_aggregatePathVolume done
ps_updateAggrVolume done
ps_updateAggrVolume
ps_aggregatePathVolume
ps_aggregatePathVolume done
ps_updateAggrVolume done
SGM volume gpu elapsed time: 416.000000 ms 
ps_SGMoptimizeSimVolume done
gpu elapsed time: 328.000000 ms 
gpu elapsed time: 257.000000 ms 
gpu elapsed time: 187.000000 ms 
gpu elapsed time: 25.000000 ms 
gpu elapsed time: 271.000000 ms 
gpu elapsed time: 251.000000 ms 
gpu elapsed time: 244.000000 ms 
gpu elapsed time: 222.000000 ms 
gpu elapsed time: 273.000000 ms 
gpu elapsed time: 261.000000 ms 
gpu elapsed time: 260.000000 ms 
gpu elapsed time: 243.000000 ms 
gpu elapsed time: 251.000000 ms 
gpu elapsed time: 259.000000 ms 
gpu elapsed time: 218.000000 ms 
gpu elapsed time: 39.000000 ms 
gpu elapsed time: 264.000000 ms 
gpu elapsed time: 258.000000 ms 
gpu elapsed time: 259.000000 ms 
gpu elapsed time: 141.000000 ms 
gpu elapsed time: 257.000000 ms 
gpu elapsed time: 244.000000 ms 
gpu elapsed time: 121.000000 ms 
gpu elapsed time: 38.000000 ms 
gpu elapsed time: 208.000000 ms 
gpu elapsed time: 206.000000 ms 
gpu elapsed time: 206.000000 ms 
gpu elapsed time: 208.000000 ms 
rc: 12, gpu elapsed time: 79.000000 ms 
rc: 12, gpu elapsed time: 79.000000 ms 
rc: 12, gpu elapsed time: 78.000000 ms 
rc: 12, gpu elapsed time: 76.000000 ms 
Device 0 memory - used: 525.694153, free: 1522.180908, total: 2047.875000
total size of volume map in GPU memory: 28.885254
nDepths 313, nDepthsToSearch 313 
ps_computeSimilarityVolume elaps[23:36:37.672439][info] Refine depth map, view id: 886681181
[23:36:45.731540][info] Estimate depth map, view id: 901328992
ed time: 5.000000 ms 
Device 0 memory - used: 527.694153, free: 1520.180908, total: 2047.875000
total size of volume map in GPU memory: 30.915527
nDepths 335, nDepthsToSearch 335 
ps_computeSimilarityVolume elapsed time: 6.000000 ms 
Device 0 memory - used: 525.694153, free: 1522.180908, total: 2047.875000
total size of volume map in GPU memory: 28.608398
nDepths 310, nDepthsToSearch 310 
ps_computeSimilarityVolume elapsed time: 5.000000 ms 
Device 0 memory - used: 525.694153, free: 1522.180908, total: 2047.875000
total size of volume map in GPU memory: 28.608398
nDepths 310, nDepthsToSearch 310 
ps_computeSimilarityVolume elapsed time: 7.000000 ms 
Device 0 memory - used: 525.694153, free: 1522.180908, total: 2047.875000
total size of volume map in GPU memory: 28.608398
nDepths 310, nDepthsToSearch 310 
ps_computeSimilarityVolume elapsed time: 6.000000 ms 
Device 0 memory - used: 531.694153, free: 1516.180908, total: 2047.875000
total size of volume map in GPU memory: 34.514648
nDepths 374, nDepthsToSearch 374 
ps_computeSimilarityVolume elapsed time: 7.000000 ms 
Device 0 memory - used: 523.694153, free: 1524.180908, total: 2047.875000
total size of volume map in GPU memory: 27.777832
nDepths 301, nDepthsToSearch 301 
ps_computeSimilarityVolume elapsed time: 6.000000 ms 
Device 0 memory - used: 529.694153, free: 1518.180908, total: 2047.875000
total size of volume map in GPU memory: 33.776367
nDepths 366, nDepthsToSearch 366 
ps_computeSimilarityVolume elapsed time: 5.000000 ms 
ps_SGMoptimizeSimVolume
ps_updateAggrVolume
ps_aggregatePathVolume
ps_aggregatePathVolume done
ps_updateAggrVolume done
ps_updateAggrVolume
ps_aggregatePathVolume
ps_aggregatePathVolume done
ps_updateAggrVolume done
ps_updateAggrVolume
ps_aggregatePathVolume
ps_aggregatePathVolume done
ps_updateAggrVolume done
ps_updateAggrVolume
ps_aggregatePathVolume
ps_aggregatePathVolume done
ps_updateAggrVolume done
SGM volume gpu elapsed time: 478.000000 ms 
ps_SGMoptimizeSimVolume done
gpu elapsed time: 299.000000 ms 
gpu elapsed time: 267.000000 ms 
gpu elapsed time: 261.000000 ms 
gpu elapsed time: 245.000000 ms 
gpu elapsed time: 232.000000 ms 
gpu elapsed time: 223.000000 ms 
gpu elapsed time: 230.000000 ms 
gpu elapsed time: 230.000000 ms 
gpu elapsed time: 24.000000 ms 
gpu elapsed time: 207.000000 ms 
gpu elapsed time: 234.000000 ms 
gpu elapsed time: 236.000000 ms 
gpu elapsed time: 25.000000 ms 
gpu elapsed time: 136.000000 ms 
gpu elapsed time: 200.000000 ms 
gpu elapsed time: 188.000000 ms 
gpu elapsed time: 44.000000 ms 
gpu elapsed time: 255.000000 ms 
gpu elapsed time: 227.000000 ms 
gpu elapsed time: 172.000000 ms 
gpu elapsed time: 272.000000 ms 
gpu elapsed time: 248.000000 ms 
gpu elapsed time: 237.000000 ms 
gpu elapsed time: 53.000000 ms 
gpu elapsed time: 210.000000 ms 
gpu elapsed time: 209.000000 ms 
gpu elapsed time: 208.000000 ms 
gpu elapsed time: 208.000000 ms 
rc: 13, gpu elapsed time: 80.000000 ms 
rc: 13, gpu elapsed time: 79.000000 ms 
rc: 13, gpu elapsed time: 79.000000 ms 
rc: 13, gpu elapsed time: 76.000000 ms 
Device 0 memory - used: 515.694153, free: 1532.180908, total: 2047.875000
total size of volume map in GPU memory: 18.826172
nDepths 204, nDepthsToSearch 204 
ps_computeSimilarityVolume elapsed time: 3.000000 ms 
Device 0 memory - used: 515.694153, free: 1532.180908, total: 2047.875000
total size of volume map in GPU memory: 18.826172
nDepths 204, nDepthsToSearch 204 
ps_computeSimilarityVolume elapsed time: 5.000000 ms 
Device 0 memory - used: 509.694153, free: 1538.180908, total: 2047.875000
total size of volume map in GPU memory: 13.104492
nDepths 142, nDepthsToSearch 142 
ps_computeSimilarityVolume elapsed time: 3.000000 ms 
Device 0 memory - used: 509.694153, free: 1538.180908, total: 2047.875000
total size of volume map in GPU memory: 13.104492
nDepths 142, nDepthsToSearch 142 
ps_computeSimilarityVolume elapsed time: 3.000000 ms 
Device 0 memory - used: 509.694153, free: 1538.180908, total: 2047.875000
total size of volume map in GPU memory: 13.104492
nDepths 142, nDepthsToSearch 142 
ps_computeSimilarityVol[23:36:49.543487][info] Refine depth map, view id: 901328992
[23:36:56.696869][info] Task done in (s): 46.780000
ume elapsed time: 4.000000 ms 
Device 0 memory - used: 515.694153, free: 1532.180908, total: 2047.875000
total size of volume map in GPU memory: 18.826172
nDepths 204, nDepthsToSearch 204 
ps_computeSimilarityVolume elapsed time: 4.000000 ms 
Device 0 memory - used: 509.694153, free: 1538.180908, total: 2047.875000
total size of volume map in GPU memory: 13.104492
nDepths 142, nDepthsToSearch 142 
ps_computeSimilarityVolume elapsed time: 4.000000 ms 
Device 0 memory - used: 509.694153, free: 1538.180908, total: 2047.875000
total size of volume map in GPU memory: 13.104492
nDepths 142, nDepthsToSearch 142 
ps_computeSimilarityVolume elapsed time: 4.000000 ms 
Device 0 memory - used: 509.694153, free: 1538.180908, total: 2047.875000
total size of volume map in GPU memory: 13.104492
nDepths 142, nDepthsToSearch 142 
ps_computeSimilarityVolume elapsed time: 3.000000 ms 
Device 0 memory - used: 509.694153, free: 1538.180908, total: 2047.875000
total size of volume map in GPU memory: 13.104492
nDepths 142, nDepthsToSearch 142 
ps_computeSimilarityVolume elapsed time: 3.000000 ms 
ps_SGMoptimizeSimVolume
ps_updateAggrVolume
ps_aggregatePathVolume
ps_aggregatePathVolume done
ps_updateAggrVolume done
ps_updateAggrVolume
ps_aggregatePathVolume
ps_aggregatePathVolume done
ps_updateAggrVolume done
ps_updateAggrVolume
ps_aggregatePathVolume
ps_aggregatePathVolume done
ps_updateAggrVolume done
ps_updateAggrVolume
ps_aggregatePathVolume
ps_aggregatePathVolume done
ps_updateAggrVolume done
SGM volume gpu elapsed time: 353.000000 ms 
ps_SGMoptimizeSimVolume done
gpu elapsed time: 332.000000 ms 
gpu elapsed time: 265.000000 ms 
gpu elapsed time: 257.000000 ms 
gpu elapsed time: 231.000000 ms 
gpu elapsed time: 270.000000 ms 
gpu elapsed time: 265.000000 ms 
gpu elapsed time: 249.000000 ms 
gpu elapsed time: 61.000000 ms 
gpu elapsed time: 44.000000 ms 
gpu elapsed time: 184.000000 ms 
gpu elapsed time: 201.000000 ms 
gpu elapsed time: 169.000000 ms 
gpu elapsed time: 218.000000 ms 
gpu elapsed time: 260.000000 ms 
gpu elapsed time: 256.000000 ms 
gpu elapsed time: 202.000000 ms 
gpu elapsed time: 127.000000 ms 
gpu elapsed time: 208.000000 ms 
gpu elapsed time: 221.000000 ms 
gpu elapsed time: 221.000000 ms 
gpu elapsed time: 273.000000 ms 
gpu elapsed time: 267.000000 ms 
gpu elapsed time: 223.000000 ms 
gpu elapsed time: 72.000000 ms 
gpu elapsed time: 209.000000 ms 
gpu elapsed time: 207.000000 ms 
gpu elapsed time: 207.000000 ms 
gpu elapsed time: 207.000000 ms 
rc: 14, gpu elapsed time: 79.000000 ms 
rc: 14, gpu elapsed time: 79.000000 ms 
rc: 14, gpu elapsed time: 79.000000 ms 
rc: 14, gpu elapsed time: 77.000000 ms 
