Program called with the following parameters:
 * downscale = 2
 * exportIntermediateResults = 0
 * imagesFolder = "C:/UNI/N3CAT/Pyhton/MeshroomCache/PrepareDenseScene/1d3a8fb03483538abc03bb1049f07b1a37f3443f"
 * input = "C:/UNI/N3CAT/Pyhton/MeshroomCache/StructureFromMotion/4fc649fec4efa7342fb57ae5c638030b64d0e0d5/sfm.abc"
 * maxViewAngle = 70
 * minViewAngle = 2
 * nbGPUs = 0
 * output = "C:/UNI/N3CAT/Pyhton/MeshroomCache/DepthMap/668705f3d4eae4c1b89709dd2cc901b0ae0bb2ff"
 * rangeSize = 3
 * rangeStart = 18
 * refineGammaC = 15.5
 * refineGammaP = 8
 * refineMaxTCams = 6
 * refineNDepthsToRefine = 31
 * refineNSamplesHalf = 150
 * refineNiters = 100
 * refineSigma = 15
 * refineUseTcOrRcPixSize = 0
 * refineWSH = 3
 * sgmGammaC = 5.5
 * sgmGammaP = 8
 * sgmMaxTCams = 10
 * sgmWSH = 4
 * verboseLevel = "info"

[23:37:44.523332][info] CUDA-Enabled GPU.
Device information:
	- id:                      0
	- name:                    NVIDIA GeForce MX330
	- compute capability:      6.1
	- total device memory:     2047 MB 
	- device memory available: 1652 MB 
	- per-block shared memory: 49152
	- warp size:               32
	- max threads per block:   1024
	- max threads per SM(X):   2048
	- max block sizes:         {1024,1024,64}
	- max grid sizes:          {2147483647,65535,65535}
	- max 2D array texture:    {131072,65536}
	- max 3D array texture:    {16384,16384,16384}
	- max 2D linear texture:   {131072,65000,2097120}
	- max 2D layered texture:  {32768,32768,2048}
	- number of SM(x)s:        3
	- registers per SM(x):     65536
	- registers per block:     65536
	- concurrent kernels:      yes
	- mapping host memory:     yes
	- unified addressing:      yes
	- texture alignment:       512 byte
	- pitch alignment:         32 byte
[23:37:44.643828][info] Supported CUDA-Enabled GPU detected.
[23:37:44.696971][info] Found 2 image dimension(s): 
[23:37:44.696971][info] 	- [1512x2016]
[23:37:44.696971][info] 	- [2016x1512]
[23:37:44.723684][info] Overall maximum dimension: [2016x2016]
[23:37:44.723684][info] Create depth maps.
[23:37:44.723684][info] # GPU devices: 1, # CPU threads: 8
[23:37:44.723684][info] Plane sweeping parameters:
	- scale: 2
	- step: 2
[23:37:44.723684][info] PlaneSweepingCuda:
	- _nImgsInGPUAtTime: 5
	- scales: 2
	- subPixel: Yes
	- varianceWSH: 4
[23:37:44.737094][info] Found only 6/10 nearest cameras for view id: 1120356350
[23:37:47.170939][info] Estimate depth map, view id: 1120356350
[23:37:51.344196][info] Refine depth map, view id: 1120356350
[23:38:01.400688][info] Estimate depth map, view id: 1149366185
number of CUDA devices:	1
   0: NVIDIA GeForce MX330
CUDA device no 0 for 0
Device 0 memory - used: 395.694153, free: 1652.180908, total: 2047.875000
Device 0 memory - used: 495.694153, free: 1552.180908, total: 2047.875000
Device 0 memory - used: 529.694153, free: 1518.180908, total: 2047.875000
total size of volume map in GPU memory: 33.499512
nDepths 363, nDepthsToSearch 363 
ps_computeSimilarityVolume elapsed time: 4.000000 ms 
Device 0 memory - used: 531.694153, free: 1516.180908, total: 2047.875000
total size of volume map in GPU memory: 35.714355
nDepths 387, nDepthsToSearch 387 
ps_computeSimilarityVolume elapsed time: 7.000000 ms 
Device 0 memory - used: 529.694153, free: 1518.180908, total: 2047.875000
total size of volume map in GPU memory: 33.222656
nDepths 360, nDepthsToSearch 360 
ps_computeSimilarityVolume elapsed time: 6.000000 ms 
Device 0 memory - used: 525.694153, free: 1522.180908, total: 2047.875000
total size of volume map in GPU memory: 28.423828
nDepths 308, nDepthsToSearch 308 
ps_computeSimilarityVolume elapsed time: 5.000000 ms 
Device 0 memory - used: 525.694153, free: 1522.180908, total: 2047.875000
total size of volume map in GPU memory: 28.423828
nDepths 308, nDepthsToSearch 308 
ps_computeSimilarityVolume elapsed time: 5.000000 ms 
Device 0 memory - used: 519.694153, free: 1528.180908, total: 2047.875000
total size of volume map in GPU memory: 22.794434
nDepths 247, nDepthsToSearch 247 
ps_computeSimilarityVolume elapsed time: 5.000000 ms 
ps_SGMoptimizeSimVolume
ps_updateAggrVolume
ps_aggregatePathVolume
ps_aggregatePathVolume done
ps_updateAggrVolume done
ps_updateAggrVolume
ps_aggregatePathVolume
ps_aggregatePathVolume done
ps_updateAggrVolume done
ps_updateAggrVolume
ps_aggregatePathVolume
ps_aggregatePathVolume done
ps_updateAggrVolume done
ps_updateAggrVolume
ps_aggregatePathVolume
ps_aggregatePathVolume done
ps_updateAggrVolume done
SGM volume gpu elapsed time: 340.000000 ms 
ps_SGMoptimizeSimVolume done
gpu elapsed time: 289.000000 ms 
gpu elapsed time: 249.000000 ms 
gpu elapsed time: 248.000000 ms 
gpu elapsed time: 228.000000 ms 
gpu elapsed time: 288.000000 ms 
gpu elapsed time: 252.000000 ms 
gpu elapsed time: 248.000000 ms 
gpu elapsed time: 207.000000 ms 
gpu elapsed time: 269.000000 ms 
gpu elapsed time: 255.000000 ms 
gpu elapsed time: 235.000000 ms 
gpu elapsed time: 30.000000 ms 
gpu elapsed time: 24.000000 ms 
gpu elapsed time: 201.000000 ms 
gpu elapsed time: 225.000000 ms 
gpu elapsed time: 191.000000 ms 
gpu elapsed time: 24.000000 ms 
gpu elapsed time: 183.000000 ms 
gpu elapsed time: 227.000000 ms 
gpu elapsed time: 208.000000 ms 
gpu elapsed time: 270.000000 ms 
gpu elapsed time: 211.000000 ms 
gpu elapsed time: 159.000000 ms 
gpu elapsed time: 56.000000 ms 
gpu elapsed time: 209.000000 ms 
gpu elapsed time: 211.000000 ms 
gpu elapsed time: 209.000000 ms 
gpu elapsed time: 209.000000 ms 
rc: 18, gpu elapsed time: 78.000000 ms 
rc: 18, gpu elapsed time: 80.000000 ms 
rc: 18, gpu elapsed time: 79.000000 ms 
rc: 18, gpu elapsed time: 77.000000 ms 
Device 0 memory - used: 539.694153, free: 1508.180908, total: 2047.875000
total size of volume map in GPU memory: 43.650879
nDepths 473, nDepthsToSearch 473 
ps_computeSimilarityVolume elapsed time: 7.000000 ms 
Device 0 memory - used: 539.694153, free: 1508.180908, total: 2047.875000
total size of volume map in GPU memory: 43.650879
nDepths 473, nDepthsToSearch 473 
ps_computeSimilarityVolume elapsed time: 8.000000 ms 
Device 0 memory - used: 521.694153, free: 1526.180908, total: 2047.875000
total size of volume map in GPU memory: 24.455566
nDepths 265, nDepthsToSearch 265 
ps_computeSimilarityVolume elapsed time: 5.000000 ms 
Device 0 memory - used: 539.694153, free: 1508.180908, total: 2047.875000
total size of volume map in GPU memory: 43.650879
nDepths 473, nDepthsToSearch 473 
ps_computeSimilarityVolume elapsed time: 8.000000 ms 
Device 0 memory - used: 541.694153, free: 1506.180908, total: 2047.875000
total size of volume map in GPU memory: 45.127441
nDepths 489, nDepthsToSearch 489 
ps_computeSimilarityVolume elapse[23:38:09.002721][info] Refine depth map, view id: 1149366185
[23:38:19.072748][info] Estimate depth map, view id: 1171417480
d time: 9.000000 ms 
Device 0 memory - used: 525.694153, free: 1522.180908, total: 2047.875000
total size of volume map in GPU memory: 28.885254
nDepths 313, nDepthsToSearch 313 
ps_computeSimilarityVolume elapsed time: 6.000000 ms 
Device 0 memory - used: 539.694153, free: 1508.180908, total: 2047.875000
total size of volume map in GPU memory: 43.650879
nDepths 473, nDepthsToSearch 473 
ps_computeSimilarityVolume elapsed time: 9.000000 ms 
Device 0 memory - used: 529.694153, free: 1518.180908, total: 2047.875000
total size of volume map in GPU memory: 32.668945
nDepths 354, nDepthsToSearch 354 
ps_computeSimilarityVolume elapsed time: 5.000000 ms 
Device 0 memory - used: 513.694153, free: 1534.180908, total: 2047.875000
total size of volume map in GPU memory: 16.703613
nDepths 181, nDepthsToSearch 181 
ps_computeSimilarityVolume elapsed time: 4.000000 ms 
Device 0 memory - used: 539.694153, free: 1508.180908, total: 2047.875000
total size of volume map in GPU memory: 43.650879
nDepths 473, nDepthsToSearch 473 
ps_computeSimilarityVolume elapsed time: 8.000000 ms 
ps_SGMoptimizeSimVolume
ps_updateAggrVolume
ps_aggregatePathVolume
ps_aggregatePathVolume done
ps_updateAggrVolume done
ps_updateAggrVolume
ps_aggregatePathVolume
ps_aggregatePathVolume done
ps_updateAggrVolume done
ps_updateAggrVolume
ps_aggregatePathVolume
ps_aggregatePathVolume done
ps_updateAggrVolume done
ps_updateAggrVolume
ps_aggregatePathVolume
ps_aggregatePathVolume done
ps_updateAggrVolume done
SGM volume gpu elapsed time: 613.000000 ms 
ps_SGMoptimizeSimVolume done
gpu elapsed time: 204.000000 ms 
gpu elapsed time: 228.000000 ms 
gpu elapsed time: 253.000000 ms 
gpu elapsed time: 229.000000 ms 
gpu elapsed time: 271.000000 ms 
gpu elapsed time: 257.000000 ms 
gpu elapsed time: 254.000000 ms 
gpu elapsed time: 143.000000 ms 
gpu elapsed time: 252.000000 ms 
gpu elapsed time: 239.000000 ms 
gpu elapsed time: 256.000000 ms 
gpu elapsed time: 115.000000 ms 
gpu elapsed time: 271.000000 ms 
gpu elapsed time: 257.000000 ms 
gpu elapsed time: 257.000000 ms 
gpu elapsed time: 126.000000 ms 
gpu elapsed time: 205.000000 ms 
gpu elapsed time: 193.000000 ms 
gpu elapsed time: 220.000000 ms 
gpu elapsed time: 109.000000 ms 
gpu elapsed time: 254.000000 ms 
gpu elapsed time: 235.000000 ms 
gpu elapsed time: 246.000000 ms 
gpu elapsed time: 90.000000 ms 
gpu elapsed time: 207.000000 ms 
gpu elapsed time: 205.000000 ms 
gpu elapsed time: 207.000000 ms 
gpu elapsed time: 209.000000 ms 
rc: 19, gpu elapsed time: 79.000000 ms 
rc: 19, gpu elapsed time: 77.000000 ms 
rc: 19, gpu elapsed time: 78.000000 ms 
rc: 19, gpu elapsed time: 78.000000 ms 
Device 0 memory - used: 533.694153, free: 1514.180908, total: 2047.875000
total size of volume map in GPU memory: 36.544922
nDepths 396, nDepthsToSearch 396 
ps_computeSimilarityVolume elapsed time: 5.000000 ms 
Device 0 memory - used: 521.694153, free: 1526.180908, total: 2047.875000
total size of volume map in GPU memory: 24.270996
nDepths 263, nDepthsToSearch 263 
ps_computeSimilarityVolume elapsed time: 5.000000 ms 
Device 0 memory - used: 535.694153, free: 1512.180908, total: 2047.875000
total size of volume map in GPU memory: 38.390625
nDepths 416, nDepthsToSearch 416 
ps_computeSimilarityVolume elapsed time: 7.000000 ms 
Device 0 memory - used: 533.694153, free: 1514.180908, total: 2047.875000
total size of volume map in GPU memory: 36.544922
nDepths 396, nDepthsToSearch 396 
ps_computeSimilarityVolume elapsed time: 7.000000 ms 
Device 0 memory - used: 521.694153, free: 1526.180908, total: 2047.875000
total size of volume map in GPU memory: 25.839844
nDepths 280, nDepthsToSearch 280 
ps_computeSimilarityVolume elapsed time: 5.000000 ms 
Device 0 memory - used: 533.694153, free: 1514.180908, total: 2047.875000
total size of volume map in GPU memory: 36.544922
nDepths 396, nDepthsToSearch 396 
ps_computeSimilarityVolume elapsed time: 7.000000 ms 
Device 0 memory - used: 531.694153, free: 1516.180908, total: 2047.875000
total size of volume map in GPU memory: 34.699219
nDepths 376, nDepthsToSearch 376 
ps_computeSimilarityV[23:38:26.298978][info] Refine depth map, view id: 1171417480
[23:38:33.718283][info] Task done in (s): 49.191000
olume elapsed time: 6.000000 ms 
Device 0 memory - used: 509.694153, free: 1538.180908, total: 2047.875000
total size of volume map in GPU memory: 13.935059
nDepths 151, nDepthsToSearch 151 
ps_computeSimilarityVolume elapsed time: 4.000000 ms 
Device 0 memory - used: 533.694153, free: 1514.180908, total: 2047.875000
total size of volume map in GPU memory: 36.544922
nDepths 396, nDepthsToSearch 396 
ps_computeSimilarityVolume elapsed time: 6.000000 ms 
Device 0 memory - used: 533.694153, free: 1514.180908, total: 2047.875000
total size of volume map in GPU memory: 36.544922
nDepths 396, nDepthsToSearch 396 
ps_computeSimilarityVolume elapsed time: 6.000000 ms 
ps_SGMoptimizeSimVolume
ps_updateAggrVolume
ps_aggregatePathVolume
ps_aggregatePathVolume done
ps_updateAggrVolume done
ps_updateAggrVolume
ps_aggregatePathVolume
ps_aggregatePathVolume done
ps_updateAggrVolume done
ps_updateAggrVolume
ps_aggregatePathVolume
ps_aggregatePathVolume done
ps_updateAggrVolume done
ps_updateAggrVolume
ps_aggregatePathVolume
ps_aggregatePathVolume done
ps_updateAggrVolume done
SGM volume gpu elapsed time: 566.000000 ms 
ps_SGMoptimizeSimVolume done
gpu elapsed time: 396.000000 ms 
gpu elapsed time: 263.000000 ms 
gpu elapsed time: 218.000000 ms 
gpu elapsed time: 24.000000 ms 
gpu elapsed time: 167.000000 ms 
gpu elapsed time: 254.000000 ms 
gpu elapsed time: 247.000000 ms 
gpu elapsed time: 239.000000 ms 
gpu elapsed time: 268.000000 ms 
gpu elapsed time: 264.000000 ms 
gpu elapsed time: 257.000000 ms 
gpu elapsed time: 213.000000 ms 
gpu elapsed time: 259.000000 ms 
gpu elapsed time: 261.000000 ms 
gpu elapsed time: 243.000000 ms 
gpu elapsed time: 62.000000 ms 
gpu elapsed time: 275.000000 ms 
gpu elapsed time: 267.000000 ms 
gpu elapsed time: 260.000000 ms 
gpu elapsed time: 238.000000 ms 
gpu elapsed time: 253.000000 ms 
gpu elapsed time: 245.000000 ms 
gpu elapsed time: 125.000000 ms 
gpu elapsed time: 29.000000 ms 
gpu elapsed time: 209.000000 ms 
gpu elapsed time: 206.000000 ms 
gpu elapsed time: 206.000000 ms 
gpu elapsed time: 208.000000 ms 
rc: 20, gpu elapsed time: 79.000000 ms 
rc: 20, gpu elapsed time: 78.000000 ms 
rc: 20, gpu elapsed time: 79.000000 ms 
rc: 20, gpu elapsed time: 76.000000 ms 
