Program called with the following parameters:
 * downscale = 2
 * exportIntermediateResults = 0
 * imagesFolder = "C:/UNI/N3CAT/Pyhton/MeshroomCache/PrepareDenseScene/1d3a8fb03483538abc03bb1049f07b1a37f3443f"
 * input = "C:/UNI/N3CAT/Pyhton/MeshroomCache/StructureFromMotion/4fc649fec4efa7342fb57ae5c638030b64d0e0d5/sfm.abc"
 * maxViewAngle = 70
 * minViewAngle = 2
 * nbGPUs = 0
 * output = "C:/UNI/N3CAT/Pyhton/MeshroomCache/DepthMap/668705f3d4eae4c1b89709dd2cc901b0ae0bb2ff"
 * rangeSize = 3
 * rangeStart = 24
 * refineGammaC = 15.5
 * refineGammaP = 8
 * refineMaxTCams = 6
 * refineNDepthsToRefine = 31
 * refineNSamplesHalf = 150
 * refineNiters = 100
 * refineSigma = 15
 * refineUseTcOrRcPixSize = 0
 * refineWSH = 3
 * sgmGammaC = 5.5
 * sgmGammaP = 8
 * sgmMaxTCams = 10
 * sgmWSH = 4
 * verboseLevel = "info"

[23:39:19.731900][info] CUDA-Enabled GPU.
Device information:
	- id:                      0
	- name:                    NVIDIA GeForce MX330
	- compute capability:      6.1
	- total device memory:     2047 MB 
	- device memory available: 1652 MB 
	- per-block shared memory: 49152
	- warp size:               32
	- max threads per block:   1024
	- max threads per SM(X):   2048
	- max block sizes:         {1024,1024,64}
	- max grid sizes:          {2147483647,65535,65535}
	- max 2D array texture:    {131072,65536}
	- max 3D array texture:    {16384,16384,16384}
	- max 2D linear texture:   {131072,65000,2097120}
	- max 2D layered texture:  {32768,32768,2048}
	- number of SM(x)s:        3
	- registers per SM(x):     65536
	- registers per block:     65536
	- concurrent kernels:      yes
	- mapping host memory:     yes
	- unified addressing:      yes
	- texture alignment:       512 byte
	- pitch alignment:         32 byte
[23:39:19.838273][info] Supported CUDA-Enabled GPU detected.
[23:39:19.892015][info] Found 2 image dimension(s): 
[23:39:19.892015][info] 	- [1512x2016]
[23:39:19.892015][info] 	- [2016x1512]
[23:39:19.931776][info] Overall maximum dimension: [2016x2016]
[23:39:19.931776][info] Create depth maps.
[23:39:19.931776][info] # GPU devices: 1, # CPU threads: 8
[23:39:19.931776][info] Plane sweeping parameters:
	- scale: 2
	- step: 2
[23:39:19.931776][info] PlaneSweepingCuda:
	- _nImgsInGPUAtTime: 5
	- scales: 2
	- subPixel: Yes
	- varianceWSH: 4
[23:39:21.210326][info] Estimate depth map, view id: 1575179853
[23:39:23.333258][info] Refine depth map, view id: 1575179853
[23:39:31.258179][info] Found only 3/10 nearest cameras for view id: 1702428709
[23:39:31.270801][info] Found only 3/6 nearest cameras for view id: 1702428709
[23:39:32.481500][info] Estimate depth map, view id: 1702428709
[23:39:34.208642][info] Refine depth map, view id: 1702428709
number of CUDA devices:	1
   0: NVIDIA GeForce MX330
CUDA device no 0 for 0
Device 0 memory - used: 395.694153, free: 1652.180908, total: 2047.875000
Device 0 memory - used: 495.694153, free: 1552.180908, total: 2047.875000
Device 0 memory - used: 521.694153, free: 1526.180908, total: 2047.875000
total size of volume map in GPU memory: 25.962891
nDepths 211, nDepthsToSearch 211 
ps_computeSimilarityVolume elapsed time: 5.000000 ms 
Device 0 memory - used: 525.694153, free: 1522.180908, total: 2047.875000
total size of volume map in GPU memory: 29.162109
nDepths 237, nDepthsToSearch 237 
ps_computeSimilarityVolume elapsed time: 5.000000 ms 
Device 0 memory - used: 519.694153, free: 1528.180908, total: 2047.875000
total size of volume map in GPU memory: 22.025391
nDepths 179, nDepthsToSearch 179 
ps_computeSimilarityVolume elapsed time: 4.000000 ms 
ps_SGMoptimizeSimVolume
ps_updateAggrVolume
ps_aggregatePathVolume
ps_aggregatePathVolume done
ps_updateAggrVolume done
ps_updateAggrVolume
ps_aggregatePathVolume
ps_aggregatePathVolume done
ps_updateAggrVolume done
ps_updateAggrVolume
ps_aggregatePathVolume
ps_aggregatePathVolume done
ps_updateAggrVolume done
ps_updateAggrVolume
ps_aggregatePathVolume
ps_aggregatePathVolume done
ps_updateAggrVolume done
SGM volume gpu elapsed time: 205.000000 ms 
ps_SGMoptimizeSimVolume done
gpu elapsed time: 154.000000 ms 
gpu elapsed time: 133.000000 ms 
gpu elapsed time: 138.000000 ms 
gpu elapsed time: 43.000000 ms 
gpu elapsed time: 194.000000 ms 
gpu elapsed time: 182.000000 ms 
gpu elapsed time: 193.000000 ms 
gpu elapsed time: 95.000000 ms 
gpu elapsed time: 172.000000 ms 
gpu elapsed time: 149.000000 ms 
gpu elapsed time: 155.000000 ms 
gpu elapsed time: 48.000000 ms 
gpu elapsed time: 264.000000 ms 
gpu elapsed time: 261.000000 ms 
gpu elapsed time: 263.000000 ms 
gpu elapsed time: 213.000000 ms 
gpu elapsed time: 225.000000 ms 
gpu elapsed time: 136.000000 ms 
gpu elapsed time: 146.000000 ms 
gpu elapsed time: 69.000000 ms 
gpu elapsed time: 261.000000 ms 
gpu elapsed time: 259.000000 ms 
gpu elapsed time: 258.000000 ms 
gpu elapsed time: 230.000000 ms 
gpu elapsed time: 206.000000 ms 
gpu elapsed time: 206.000000 ms 
gpu elapsed time: 209.000000 ms 
gpu elapsed time: 207.000000 ms 
rc: 24, gpu elapsed time: 78.000000 ms 
rc: 24, gpu elapsed time: 77.000000 ms 
rc: 24, gpu elapsed time: 78.000000 ms 
rc: 24, gpu elapsed time: 79.000000 ms 
Device 0 memory - used: 507.694153, free: 1540.180908, total: 2047.875000
total size of volume map in GPU memory: 11.627930
nDepths 126, nDepthsToSearch 126 
ps_computeSimilarityVolume elapsed time: 5.000000 ms 
Device 0 memory - used: 507.694153, free: 1540.180908, total: 2047.875000
total size of volume map in GPU memory: 11.627930
nDepths 126, nDepthsToSearch 126 
ps_computeSimilarityVolume elapsed time: 6.000000 ms 
Device 0 memory - used: 505.694153, free: 1542.180908, total: 2047.875000
total size of volume map in GPU memory: 8.121094
nDepths 88, nDepthsToSearch 88 
ps_computeSimilarityVolume elapsed time: 3.000000 ms 
ps_SGMoptimizeSimVolume
ps_updateAggrVolume
ps_aggregatePathVolume
ps_aggregatePathVolume done
ps_updateAggrVolume done
ps_updateAggrVolume
ps_aggregatePathVolume
ps_aggregatePathVolume done
ps_updateAggrVolume done
ps_updateAggrVolume
ps_aggregatePathVolume
ps_aggregatePathVolume done
ps_updateAggrVolume done
ps_updateAggrVolume
ps_aggregatePathVolume
ps_aggregatePathVolume done
ps_updateAggrVolume done
SGM volume gpu elapsed time: 315.000000 ms 
ps_SGMoptimizeSimVolume done
gpu elapsed time: 381.000000 ms 
gpu elapsed time: 266.000000 ms 
gpu elapsed time: 257.000000 ms 
gpu elapsed time: 254.000000 ms 
gpu elapsed time: 272.000000 ms 
gpu elapsed time: 267.000000 ms 
gpu elapsed time: 257.000000 ms 
gpu elapsed time: 99.000000 ms 
gpu elapsed time: 52.000000 ms 
gpu elapsed time: 182.000000 ms 
gpu elapsed time: 228.000000 ms 
gpu elapsed time: 180.000000 ms 
gpu elapsed time: 112.000000 ms 
gpu elapsed time: 112.000000 ms 
gpu elapsed time: 113.000000 ms 
gpu elapsed time: 111.000000 ms 
rc: 25, gpu elapsed time: 79.000000[23:39:40.562057][info] Estimate depth map, view id: 1902357660
[23:39:44.567844][info] Refine depth map, view id: 1902357660
[23:39:51.517044][info] Task done in (s): 31.780000
 ms 
rc: 25, gpu elapsed time: 78.000000 ms 
rc: 25, gpu elapsed time: 79.000000 ms 
rc: 25, gpu elapsed time: 78.000000 ms 
Device 0 memory - used: 515.694153, free: 1532.180908, total: 2047.875000
total size of volume map in GPU memory: 19.379883
nDepths 210, nDepthsToSearch 210 
ps_computeSimilarityVolume elapsed time: 5.000000 ms 
Device 0 memory - used: 519.694153, free: 1528.180908, total: 2047.875000
total size of volume map in GPU memory: 23.163574
nDepths 251, nDepthsToSearch 251 
ps_computeSimilarityVolume elapsed time: 6.000000 ms 
Device 0 memory - used: 507.694153, free: 1540.180908, total: 2047.875000
total size of volume map in GPU memory: 10.705078
nDepths 116, nDepthsToSearch 116 
ps_computeSimilarityVolume elapsed time: 4.000000 ms 
Device 0 memory - used: 513.694153, free: 1534.180908, total: 2047.875000
total size of volume map in GPU memory: 17.718750
nDepths 192, nDepthsToSearch 192 
ps_computeSimilarityVolume elapsed time: 4.000000 ms 
Device 0 memory - used: 515.694153, free: 1532.180908, total: 2047.875000
total size of volume map in GPU memory: 19.379883
nDepths 210, nDepthsToSearch 210 
ps_computeSimilarityVolume elapsed time: 4.000000 ms 
Device 0 memory - used: 515.694153, free: 1532.180908, total: 2047.875000
total size of volume map in GPU memory: 19.379883
nDepths 210, nDepthsToSearch 210 
ps_computeSimilarityVolume elapsed time: 6.000000 ms 
Device 0 memory - used: 509.694153, free: 1538.180908, total: 2047.875000
total size of volume map in GPU memory: 12.366211
nDepths 134, nDepthsToSearch 134 
ps_computeSimilarityVolume elapsed time: 3.000000 ms 
Device 0 memory - used: 515.694153, free: 1532.180908, total: 2047.875000
total size of volume map in GPU memory: 19.379883
nDepths 210, nDepthsToSearch 210 
ps_computeSimilarityVolume elapsed time: 5.000000 ms 
Device 0 memory - used: 505.694153, free: 1542.180908, total: 2047.875000
total size of volume map in GPU memory: 9.874512
nDepths 107, nDepthsToSearch 107 
ps_computeSimilarityVolume elapsed time: 3.000000 ms 
Device 0 memory - used: 515.694153, free: 1532.180908, total: 2047.875000
total size of volume map in GPU memory: 19.379883
nDepths 210, nDepthsToSearch 210 
ps_computeSimilarityVolume elapsed time: 4.000000 ms 
ps_SGMoptimizeSimVolume
ps_updateAggrVolume
ps_aggregatePathVolume
ps_aggregatePathVolume done
ps_updateAggrVolume done
ps_updateAggrVolume
ps_aggregatePathVolume
ps_aggregatePathVolume done
ps_updateAggrVolume done
ps_updateAggrVolume
ps_aggregatePathVolume
ps_aggregatePathVolume done
ps_updateAggrVolume done
ps_updateAggrVolume
ps_aggregatePathVolume
ps_aggregatePathVolume done
ps_updateAggrVolume done
SGM volume gpu elapsed time: 297.000000 ms 
ps_SGMoptimizeSimVolume done
gpu elapsed time: 29.000000 ms 
gpu elapsed time: 81.000000 ms 
gpu elapsed time: 239.000000 ms 
gpu elapsed time: 262.000000 ms 
gpu elapsed time: 137.000000 ms 
gpu elapsed time: 167.000000 ms 
gpu elapsed time: 194.000000 ms 
gpu elapsed time: 234.000000 ms 
gpu elapsed time: 283.000000 ms 
gpu elapsed time: 259.000000 ms 
gpu elapsed time: 257.000000 ms 
gpu elapsed time: 256.000000 ms 
gpu elapsed time: 259.000000 ms 
gpu elapsed time: 247.000000 ms 
gpu elapsed time: 260.000000 ms 
gpu elapsed time: 258.000000 ms 
gpu elapsed time: 101.000000 ms 
gpu elapsed time: 251.000000 ms 
gpu elapsed time: 219.000000 ms 
gpu elapsed time: 183.000000 ms 
gpu elapsed time: 111.000000 ms 
gpu elapsed time: 191.000000 ms 
gpu elapsed time: 193.000000 ms 
gpu elapsed time: 194.000000 ms 
gpu elapsed time: 209.000000 ms 
gpu elapsed time: 208.000000 ms 
gpu elapsed time: 209.000000 ms 
gpu elapsed time: 204.000000 ms 
rc: 26, gpu elapsed time: 78.000000 ms 
rc: 26, gpu elapsed time: 79.000000 ms 
rc: 26, gpu elapsed time: 79.000000 ms 
rc: 26, gpu elapsed time: 77.000000 ms 
