Program called with the following parameters:
 * downscale = 2
 * exportIntermediateResults = 0
 * imagesFolder = "C:/UNI/N3CAT/Pyhton/MeshroomCache/PrepareDenseScene/e310558ad44b5909ac834f4b445278ee3be8bf20"
 * input = "C:/UNI/N3CAT/Pyhton/MeshroomCache/StructureFromMotion/1666b22ded384c04c5857396f9fefebff3df3cb2/sfm.abc"
 * maxViewAngle = 70
 * minViewAngle = 2
 * nbGPUs = 0
 * output = "C:/UNI/N3CAT/Pyhton/MeshroomCache/DepthMap/c7e3dfe17c7fccf7d97de20cbf43c5e42548050c"
 * rangeSize = 3
 * rangeStart = 3
 * refineGammaC = 15.5
 * refineGammaP = 8
 * refineMaxTCams = 6
 * refineNDepthsToRefine = 31
 * refineNSamplesHalf = 150
 * refineNiters = 100
 * refineSigma = 15
 * refineUseTcOrRcPixSize = 0
 * refineWSH = 3
 * sgmGammaC = 5.5
 * sgmGammaP = 8
 * sgmMaxTCams = 10
 * sgmWSH = 4
 * verboseLevel = "info"

[22:36:31.746715][info] CUDA-Enabled GPU.
Device information:
	- id:                      0
	- name:                    NVIDIA GeForce MX330
	- compute capability:      6.1
	- total device memory:     2047 MB 
	- device memory available: 1652 MB 
	- per-block shared memory: 49152
	- warp size:               32
	- max threads per block:   1024
	- max threads per SM(X):   2048
	- max block sizes:         {1024,1024,64}
	- max grid sizes:          {2147483647,65535,65535}
	- max 2D array texture:    {131072,65536}
	- max 3D array texture:    {16384,16384,16384}
	- max 2D linear texture:   {131072,65000,2097120}
	- max 2D layered texture:  {32768,32768,2048}
	- number of SM(x)s:        3
	- registers per SM(x):     65536
	- registers per block:     65536
	- concurrent kernels:      yes
	- mapping host memory:     yes
	- unified addressing:      yes
	- texture alignment:       512 byte
	- pitch alignment:         32 byte
[22:36:31.966991][info] Supported CUDA-Enabled GPU detected.
[22:36:31.980981][info] Found 1 image dimension(s): 
[22:36:31.980981][info] 	- [2016x1512]
[22:36:32.000937][info] Overall maximum dimension: [2016x1512]
[22:36:32.000937][info] Create depth maps.
[22:36:32.000937][info] # GPU devices: 1, # CPU threads: 8
[22:36:32.000937][info] Plane sweeping parameters:
	- scale: 2
	- step: 2
[22:36:32.000937][info] PlaneSweepingCuda:
	- _nImgsInGPUAtTime: 6
	- scales: 2
	- subPixel: Yes
	- varianceWSH: 4
[22:36:32.007921][info] Found only 4/10 nearest cameras for view id: 507164790
[22:36:32.013902][info] Found only 4/6 nearest cameras for view id: 507164790
[22:36:33.673893][info] Estimate depth map, view id: 507164790
[22:36:37.782247][info] Refine depth map, view id: 507164790
[22:36:43.035858][info] Found only 3/10 nearest cameras for view id: 918342931
[22:36:43.041903][info] Found only 3/6 nearest cameras for view id: 918342931
[22:36:43.041903][info] Estimate depth map, view id: 918342931
[22:36:45.887923][info] Refine depth map, view id: 918342931
number of CUDA devices:	1
   0: NVIDIA GeForce MX330
CUDA device no 0 for 0
Device 0 memory - used: 395.694153, free: 1652.180908, total: 2047.875000
Device 0 memory - used: 491.694153, free: 1556.180908, total: 2047.875000
Device 0 memory - used: 527.694153, free: 1520.180908, total: 2047.875000
total size of volume map in GPU memory: 35.160645
nDepths 381, nDepthsToSearch 381 
ps_computeSimilarityVolume elapsed time: 6.000000 ms 
Device 0 memory - used: 535.694153, free: 1512.180908, total: 2047.875000
total size of volume map in GPU memory: 43.374023
nDepths 470, nDepthsToSearch 470 
ps_computeSimilarityVolume elapsed time: 7.000000 ms 
Device 0 memory - used: 531.694153, free: 1516.180908, total: 2047.875000
total size of volume map in GPU memory: 38.206055
nDepths 414, nDepthsToSearch 414 
ps_computeSimilarityVolume elapsed time: 7.000000 ms 
Device 0 memory - used: 523.694153, free: 1524.180908, total: 2047.875000
total size of volume map in GPU memory: 30.730957
nDepths 333, nDepthsToSearch 333 
ps_computeSimilarityVolume elapsed time: 7.000000 ms 
ps_SGMoptimizeSimVolume
ps_updateAggrVolume
ps_aggregatePathVolume
ps_aggregatePathVolume done
ps_updateAggrVolume done
ps_updateAggrVolume
ps_aggregatePathVolume
ps_aggregatePathVolume done
ps_updateAggrVolume done
ps_updateAggrVolume
ps_aggregatePathVolume
ps_aggregatePathVolume done
ps_updateAggrVolume done
ps_updateAggrVolume
ps_aggregatePathVolume
ps_aggregatePathVolume done
ps_updateAggrVolume done
SGM volume gpu elapsed time: 421.000000 ms 
ps_SGMoptimizeSimVolume done
gpu elapsed time: 132.000000 ms 
gpu elapsed time: 231.000000 ms 
gpu elapsed time: 231.000000 ms 
gpu elapsed time: 215.000000 ms 
gpu elapsed time: 211.000000 ms 
gpu elapsed time: 271.000000 ms 
gpu elapsed time: 263.000000 ms 
gpu elapsed time: 198.000000 ms 
gpu elapsed time: 203.000000 ms 
gpu elapsed time: 269.000000 ms 
gpu elapsed time: 265.000000 ms 
gpu elapsed time: 240.000000 ms 
gpu elapsed time: 210.000000 ms 
gpu elapsed time: 274.000000 ms 
gpu elapsed time: 263.000000 ms 
gpu elapsed time: 213.000000 ms 
gpu elapsed time: 144.000000 ms 
gpu elapsed time: 143.000000 ms 
gpu elapsed time: 147.000000 ms 
gpu elapsed time: 149.000000 ms 
rc: 3, gpu elapsed time: 82.000000 ms 
rc: 3, gpu elapsed time: 85.000000 ms 
rc: 3, gpu elapsed time: 80.000000 ms 
rc: 3, gpu elapsed time: 76.000000 ms 
Device 0 memory - used: 519.694153, free: 1528.180908, total: 2047.875000
total size of volume map in GPU memory: 27.777832
nDepths 301, nDepthsToSearch 301 
ps_computeSimilarityVolume elapsed time: 13.000000 ms 
Device 0 memory - used: 519.694153, free: 1528.180908, total: 2047.875000
total size of volume map in GPU memory: 27.777832
nDepths 301, nDepthsToSearch 301 
ps_computeSimilarityVolume elapsed time: 6.000000 ms 
Device 0 memory - used: 519.694153, free: 1528.180908, total: 2047.875000
total size of volume map in GPU memory: 27.777832
nDepths 301, nDepthsToSearch 301 
ps_computeSimilarityVolume elapsed time: 5.000000 ms 
ps_SGMoptimizeSimVolume
ps_updateAggrVolume
ps_aggregatePathVolume
ps_aggregatePathVolume done
ps_updateAggrVolume done
ps_updateAggrVolume
ps_aggregatePathVolume
ps_aggregatePathVolume done
ps_updateAggrVolume done
ps_updateAggrVolume
ps_aggregatePathVolume
ps_aggregatePathVolume done
ps_updateAggrVolume done
ps_updateAggrVolume
ps_aggregatePathVolume
ps_aggregatePathVolume done
ps_updateAggrVolume done
SGM volume gpu elapsed time: 429.000000 ms 
ps_SGMoptimizeSimVolume done
gpu elapsed time: 510.000000 ms 
gpu elapsed time: 272.000000 ms 
gpu elapsed time: 261.000000 ms 
gpu elapsed time: 238.000000 ms 
gpu elapsed time: 272.000000 ms 
gpu elapsed time: 277.000000 ms 
gpu elapsed time: 265.000000 ms 
gpu elapsed time: 224.000000 ms 
gpu elapsed time: 260.000000 ms 
gpu elapsed time: 273.000000 ms 
gpu elapsed time: 263.000000 ms 
gpu elapsed time: 255.000000 ms 
gpu elapsed time: 111.000000 ms 
gpu elapsed time: 111.000000 ms 
gpu elapsed time: 111.000000 ms 
gpu elapsed time: 111.000000 ms 
rc: 4, gpu elapsed time: 78.000000 ms 
rc: 4, gpu elapsed time: 77.000000 ms 
rc:[22:36:50.467610][info] Found only 1/10 nearest cameras for view id: 1225063957
[22:36:50.470934][info] Found only 1/6 nearest cameras for view id: 1225063957
[22:36:50.470934][info] Estimate depth map, view id: 1225063957
[22:36:51.998076][info] Refine depth map, view id: 1225063957
[22:36:54.028197][info] Task done in (s): 22.284000
 4, gpu elapsed time: 76.000000 ms 
rc: 4, gpu elapsed time: 76.000000 ms 
Device 0 memory - used: 513.694153, free: 1534.180908, total: 2047.875000
total size of volume map in GPU memory: 20.487305
nDepths 222, nDepthsToSearch 222 
ps_computeSimilarityVolume elapsed time: 12.000000 ms 
ps_SGMoptimizeSimVolume
ps_updateAggrVolume
ps_aggregatePathVolume
ps_aggregatePathVolume done
ps_updateAggrVolume done
ps_updateAggrVolume
ps_aggregatePathVolume
ps_aggregatePathVolume done
ps_updateAggrVolume done
ps_updateAggrVolume
ps_aggregatePathVolume
ps_aggregatePathVolume done
ps_updateAggrVolume done
ps_updateAggrVolume
ps_aggregatePathVolume
ps_aggregatePathVolume done
ps_updateAggrVolume done
SGM volume gpu elapsed time: 280.000000 ms 
ps_SGMoptimizeSimVolume done
gpu elapsed time: 424.000000 ms 
gpu elapsed time: 259.000000 ms 
gpu elapsed time: 265.000000 ms 
gpu elapsed time: 237.000000 ms 
gpu elapsed time: 49.000000 ms 
gpu elapsed time: 51.000000 ms 
gpu elapsed time: 50.000000 ms 
gpu elapsed time: 50.000000 ms 
rc: 5, gpu elapsed time: 79.000000 ms 
rc: 5, gpu elapsed time: 79.000000 ms 
rc: 5, gpu elapsed time: 78.000000 ms 
rc: 5, gpu elapsed time: 77.000000 ms 
